Build started 07.09.2023 13:11:23.
Logging verbosity is set to: Normal.     1>Project "D:\ФИТ БГТУ\опи\source\repos\опи\HelloWorld\HelloWorld.vcxproj" on node 3 (Rebuild target(s)).
     1>PrepareForBuild:
         Creating directory "Release\HelloWorld.tlog\".
       InitializeBuildStatus:
         Creating "Release\HelloWorld.tlog\unsuccessfulbuild" because "AlwaysCreate" was specified.
         Touching "Release\HelloWorld.tlog\unsuccessfulbuild".
       ClCompile:
         C:\Program Files\Microsoft Visual Studio\2022\Community\VC\Tools\MSVC\14.37.32822\bin\HostX86\x86\CL.exe /c /Zi /nologo /W3 /WX- /diagnostics:column /sdl /O2 /Oi /Oy- /GL /D WIN32 /D NDEBUG /D _CONSOLE /D _UNICODE /D UNICODE /Gm- /EHsc /MD /GS /Gy /fp:precise /Zc:wchar_t /Zc:forScope /Zc:inline /permissive- /Fo"Release\\" /Fd"Release\vc143.pdb" /external:W3 /Gd /TP /analyze- /FC /errorReport:prompt HelloWorld.cpp
         HelloWorld.cpp
       Link:
         C:\Program Files\Microsoft Visual Studio\2022\Community\VC\Tools\MSVC\14.37.32822\bin\HostX86\x86\link.exe /ERRORREPORT:PROMPT /OUT:"D:\ФИТ БГТУ\опи\source\repos\опи\Release\HelloWorld.exe" /NOLOGO kernel32.lib user32.lib gdi32.lib winspool.lib comdlg32.lib advapi32.lib shell32.lib ole32.lib oleaut32.lib uuid.lib odbc32.lib odbccp32.lib /MANIFEST /MANIFESTUAC:"level='asInvoker' uiAccess='false'" /manifest:embed /DEBUG /PDB:"D:\ФИТ БГТУ\опи\source\repos\опи\Release\HelloWorld.pdb" /SUBSYSTEM:CONSOLE /OPT:REF /OPT:ICF /LTCG:incremental /LTCGOUT:"Release\HelloWorld.iobj" /TLBID:1 /DYNAMICBASE /NXCOMPAT /IMPLIB:"D:\ФИТ БГТУ\опи\source\repos\опи\Release\HelloWorld.lib" /MACHINE:X86 /SAFESEH Release\HelloWorld.obj
         Generating code
         Previous IPDB not found, fall back to full compilation.
         All 10 functions were compiled because no usable IPDB/IOBJ from previous compilation was found.
         Finished generating code
         HelloWorld.vcxproj -> D:\ФИТ БГТУ\опи\source\repos\опи\Release\HelloWorld.exe
       FinalizeBuildStatus:
         Deleting file "Release\HelloWorld.tlog\unsuccessfulbuild".
         Touching "Release\HelloWorld.tlog\HelloWorld.lastbuildstate".
     1>Done Building Project "D:\ФИТ БГТУ\опи\source\repos\опи\HelloWorld\HelloWorld.vcxproj" (Rebuild target(s)).

Build succeeded.
    0 Warning(s)
    0 Error(s)

Time Elapsed 00:00:01.92
