Build started 18.10.2023 14:03:53.
Logging verbosity is set to: Normal.     1>Project "D:\ФИТ БГТУ\опи\source\repos\ОАиП\class\class.vcxproj" on node 2 (Build target(s)).
     1>PrepareForBuild:
         Creating directory "x64\Debug\class.tlog\".
       InitializeBuildStatus:
         Creating "x64\Debug\class.tlog\unsuccessfulbuild" because "AlwaysCreate" was specified.
         Touching "x64\Debug\class.tlog\unsuccessfulbuild".
       ClCompile:
         C:\Program Files\Microsoft Visual Studio\2022\Community\VC\Tools\MSVC\14.37.32822\bin\HostX64\x64\CL.exe /c /ZI /JMC /nologo /W3 /WX- /diagnostics:column /sdl /Od /D _DEBUG /D _CONSOLE /D _UNICODE /D UNICODE /Gm- /EHsc /RTC1 /MDd /GS /fp:precise /Zc:wchar_t /Zc:forScope /Zc:inline /permissive- /Fo"x64\Debug\\" /Fd"x64\Debug\vc143.pdb" /external:W3 /Gd /TP /FC /errorReport:prompt main.cpp
         main.cpp
       Link:
         C:\Program Files\Microsoft Visual Studio\2022\Community\VC\Tools\MSVC\14.37.32822\bin\HostX64\x64\link.exe /ERRORREPORT:PROMPT /OUT:"D:\ФИТ БГТУ\опи\source\repos\ОАиП\x64\Debug\class.exe" /INCREMENTAL /ILK:"x64\Debug\class.ilk" /NOLOGO kernel32.lib user32.lib gdi32.lib winspool.lib comdlg32.lib advapi32.lib shell32.lib ole32.lib oleaut32.lib uuid.lib odbc32.lib odbccp32.lib /MANIFEST /MANIFESTUAC:"level='asInvoker' uiAccess='false'" /manifest:embed /DEBUG /PDB:"D:\ФИТ БГТУ\опи\source\repos\ОАиП\x64\Debug\class.pdb" /SUBSYSTEM:CONSOLE /TLBID:1 /DYNAMICBASE /NXCOMPAT /IMPLIB:"D:\ФИТ БГТУ\опи\source\repos\ОАиП\x64\Debug\class.lib" /MACHINE:X64 x64\Debug\main.obj
         class.vcxproj -> D:\ФИТ БГТУ\опи\source\repos\ОАиП\x64\Debug\class.exe
       FinalizeBuildStatus:
         Deleting file "x64\Debug\class.tlog\unsuccessfulbuild".
         Touching "x64\Debug\class.tlog\class.lastbuildstate".
     1>Done Building Project "D:\ФИТ БГТУ\опи\source\repos\ОАиП\class\class.vcxproj" (Build target(s)).

Build succeeded.
    0 Warning(s)
    0 Error(s)

Time Elapsed 00:00:02.66
