Build started 02.11.2023 23:46:42.
Logging verbosity is set to: Normal.     1>Project "D:\ФИТ БГТУ\опи\source\repos\опи\ascii\ascii.vcxproj" on node 2 (Build target(s)).
     1>InitializeBuildStatus:
         Creating "Debug\ascii.tlog\unsuccessfulbuild" because "AlwaysCreate" was specified.
         Touching "Debug\ascii.tlog\unsuccessfulbuild".
       ClCompile:
         C:\Program Files\Microsoft Visual Studio\2022\Community\VC\Tools\MSVC\14.37.32822\bin\HostX86\x86\CL.exe /c /ZI /JMC /nologo /W3 /WX- /diagnostics:column /sdl /Od /Oy- /D WIN32 /D _DEBUG /D _CONSOLE /D _UNICODE /D UNICODE /Gm- /EHsc /RTC1 /MDd /GS /fp:precise /Zc:wchar_t /Zc:forScope /Zc:inline /permissive- /Fo"Debug\\" /Fd"Debug\vc143.pdb" /external:W3 /Gd /TP /analyze- /FC /errorReport:prompt main.cpp
         main.cpp
     1>D:\ФИТ БГТУ\опи\source\repos\опи\ascii\main.cpp(11,59): warning C4101: 'letter': unreferenced local variable
       Link:
         C:\Program Files\Microsoft Visual Studio\2022\Community\VC\Tools\MSVC\14.37.32822\bin\HostX86\x86\link.exe /ERRORREPORT:PROMPT /OUT:"D:\ФИТ БГТУ\опи\source\repos\опи\Debug\ascii.exe" /INCREMENTAL /ILK:"Debug\ascii.ilk" /NOLOGO kernel32.lib user32.lib gdi32.lib winspool.lib comdlg32.lib advapi32.lib shell32.lib ole32.lib oleaut32.lib uuid.lib odbc32.lib odbccp32.lib /MANIFEST /MANIFESTUAC:"level='asInvoker' uiAccess='false'" /manifest:embed /DEBUG /PDB:"D:\ФИТ БГТУ\опи\source\repos\опи\Debug\ascii.pdb" /SUBSYSTEM:CONSOLE /TLBID:1 /DYNAMICBASE /NXCOMPAT /IMPLIB:"D:\ФИТ БГТУ\опи\source\repos\опи\Debug\ascii.lib" /MACHINE:X86 Debug\main.obj
         ascii.vcxproj -> D:\ФИТ БГТУ\опи\source\repos\опи\Debug\ascii.exe
       FinalizeBuildStatus:
         Deleting file "Debug\ascii.tlog\unsuccessfulbuild".
         Touching "Debug\ascii.tlog\ascii.lastbuildstate".
     1>Done Building Project "D:\ФИТ БГТУ\опи\source\repos\опи\ascii\ascii.vcxproj" (Build target(s)).

Build succeeded.

       "D:\ФИТ БГТУ\опи\source\repos\опи\ascii\ascii.vcxproj" (Build target) (1) ->
       (ClCompile target) -> 
         D:\ФИТ БГТУ\опи\source\repos\опи\ascii\main.cpp(11,59): warning C4101: 'letter': unreferenced local variable

    1 Warning(s)
    0 Error(s)

Time Elapsed 00:00:02.37
